<?xml version="1.0" encoding="UTF-8"?>
<!-- Generated by org.testng.reporters.JUnitReportReporter -->
<testsuite skipped="0" hostname="mayank" name="com.qa.API.tests.PostAPITest" tests="1" failures="0" timestamp="05 May 2020 13:17:50 GMT" time="1.045" errors="0">
  <testcase name="postAPITest" time="1.045" classname="com.qa.API.tests.PostAPITest"/>
</testsuite> <!-- com.qa.API.tests.PostAPITest -->
