<?xml version="1.0" encoding="UTF-8"?>
<!-- Generated by org.testng.reporters.JUnitReportReporter -->
<testsuite skipped="0" hostname="mayank" name="com.qa.API.tests.GetAPITest" tests="2" failures="0" timestamp="05 May 2020 07:50:07 GMT" time="0.878" errors="0">
  <testcase name="getAPITestWithoutHeader" time="0.070" classname="com.qa.API.tests.GetAPITest"/>
  <testcase name="getAPITestWithHeader" time="0.808" classname="com.qa.API.tests.GetAPITest"/>
</testsuite> <!-- com.qa.API.tests.GetAPITest -->
